(0, 0):
 1 12  9 28 21 18
 8 27  6 19 10 29
13  2 11 22 17 20
26  7 24  5 30 33
 3 14 35 32 23 16
36 25  4 15 34 31
(0, 1):
36  1 26  3 12  5
25 20 35  6 27 14
34  7  2 13  4 11
21 24 19 30 15 28
 8 33 22 17 10 31
23 18  9 32 29 16
(0, 2):
27  8  1 16 29 36
 2 15 28  9  4 17
 7 26  3 18 35 30
14 23 32  5 10 19
25  6 21 12 31 34
22 13 24 33 20 11
(0, 3):
14 23 28  1 16 21
29  8 15 22 27  2
24 13 26  9 20 17
 7 30  5 18  3 34
12 25 32 35 10 19
31  6 11  4 33 36
(0, 4):
29  6 23 10  1 36
24  9 30  5 22 11
31 28  7  2 35  4
 8 25 16 19 12 21
17 32 27 14  3 34
26 15 18 33 20 13
(0, 5):
36  3 24 17 34  1
25 14 35  2 23 16
12 29  4 15 18 33
 5 26 13 20  9 22
30 11 28  7 32 19
27  6 31 10 21  8
(1, 0):
16 19  2 33 10 21
 1 34 17 20  3 32
18 15  4  9 22 11
 5  8 35 26 31 28
14 25  6 29 12 23
 7 36 13 24 27 30
(1, 1):
11 36 27 20 17  8
26  1 10  7 28 19
35 12 21 18  9 16
22 25  2 31  6 29
13 34 23  4 15 32
24  3 14 33 30  5
(1, 2):
36 23 26 13 30 21
25 14  1 22 27 12
 2 35 24 29 20 31
15  8 17  4 11 28
34  3  6  9 32 19
 7 16 33 18  5 10
(1, 3):
 9 30 27 16 11 36
28 17 10  1 26 15
31  8 29 14 35 12
18  5 20 23  2 25
21 32  7  4 13 34
 6 19 22 33 24  3
(1, 4):
20 13 16 33 18  7
15 32 19  6  1 34
12 21 14 17  8  3
31 24  5  2 35 28
22 11 26 29  4  9
25 30 23 10 27 36
(1, 5):
11 26  9 22 13 24
 8 21 12 25 32  1
27 10  7  2 23 14
20  3 18 31  6 33
17 28 35  4 15 30
36 19 16 29 34  5
(2, 0):
19  2 33 30 21 16
34 29 20 17 10 31
 1 18  3 32 15 22
28 35 26 11  6  9
25 12  7  4 23 14
36 27 24 13  8  5
(2, 1):
36 13 22 25  6 11
23  8 35 12 21 26
14  1 24  7 10  5
31 34  9 18 27 20
 2 15 32 29  4 17
33 30  3 16 19 28
(2, 2):
25  2 31  8 23 16
30  9 24 15 32  7
 3 26  1  6 17 22
10 29  4 21 14 33
27 20 35 12  5 18
36 11 28 19 34 13
(2, 3):
26 15 20 35 24 13
19 34 25 14 21 36
16 27 18  1 12 23
33  2 31 22  9  6
28 17  4  7 30 11
 3 32 29 10  5  8
(2, 4):
 9 28 31 18 21  2
30 17  8  3 32 19
27 10 29 20  1 22
16  7 14 23  4 33
11 26 35  6 13 24
36 15 12 25 34  5
(2, 5):
34 27 12 15 36 25
11 16 35 26  5 14
28 33  4 13 24  1
17 10 29  2 21  6
32  3  8 19 30 23
 9 18 31 22  7 20
(3, 0):
24 19 12 33 30 21
11 34 23 20 13 32
18 25  2 31 22 29
 1 10 35 14  3  6
26 17  8  5 28 15
 9 36 27 16  7  4
(3, 1):
19 30  3 10 21 24
 2 11 20 23 32  9
29 18 31  4 25 22
12  1 14 33  8  5
17 28 35  6 15 26
36 13 16 27 34  7
(3, 2):
26 23 14 35 32 21
13 34 25 22 15 36
24 27  4 33 20 31
 9 12  1 18  5 16
28  3 10  7 30 19
11  8 29  2 17  6
(3, 3):
 7 16 13 24 33 18
14 25  6 17 12 23
 5  8 15 34 19 32
26 35 28  1 22 11
29  4  9 20 31  2
36 27 30  3 10 21
(3, 4):
24  9 18  5 26  7
19  4 25  8 17  2
10 23 34  3  6 27
33 20 31 14  1 16
30 11 22 35 28 13
21 32 29 12 15 36
(3, 5):
29 10 31 14 27 12
34 21 28 11 32 15
 9 30 33  2 13 26
20 35 22  5 16  1
23  8  3 18 25  6
36 19 24  7  4 17
(4, 0):
 7 28 31 14  5 22
30 15  6 21 32 13
27  8 29 12 23  4
16 11  2 35 20 33
 1 26  9 18  3 24
10 17 36 25 34 19
(4, 1):
28  9 12  5 22  7
11  4 29  8 13 20
 2 27 10 21  6 23
33 30  3 16 19 14
26  1 32 35 24 17
31 34 25 18 15 36
(4, 2):
31 14  5 24 29 12
 4 23 30 13  6 25
15 32  3 26 11 28
 2 35 22  9 18  7
33 16  1 20 27 10
36 21 34 17  8 19
(4, 3):
 8  3 30 17 14  5
31 18  7  4 29 16
22  9  2 15  6 13
19 32 21 26 35 28
10 23 34  1 12 25
33 20 11 24 27 36
(4, 4):
31 20 23 14 33 36
22 13 32 35 24 11
19 30 21 12 15 34
 4  7  2 27 10 25
29 18  5  8  1 16
 6  3 28 17 26  9
(4, 5):
22 31 12 27 24  3
13 28 23  4 11 26
32 21 30 25  2  5
29 14  7 18 35 10
20 33 16  9  6  1
15  8 19 34 17 36
(5, 0):
36 19  4 31 34 13
 3 30 35 12 21 32
18  5 20 33 14  7
29  2 11  6 25 22
10 17 24 27  8 15
 1 28  9 16 23 26
(5, 1):
29 32 27 16 13 34
26 15 30 33  4 17
31 28  3 14 35 12
 2 25  8  5 18 21
 9  6 23 20 11 36
24  1 10  7 22 19
(5, 2):
36 19 16 29 34  9
17 28 35  8 15 30
20  5 18 31 10 33
27  2  7 12 23 14
 6 21  4 25 32 11
 3 26  1 22 13 24
(5, 3):
19 32 25  6 17 34
24  9 18 33 26  7
31 20  5  8 35 16
10 23 12 29  2 27
13 30 21  4 15 36
22 11 14  1 28  3
(5, 4):
36  9 12 19 30  7
11 20  5  8 13 18
24 35 10 31  6 29
21  4 23 28 17 14
34 25  2 15 32 27
 3 22 33 26  1 16
(5, 5):
 7  4 23 16 13 36
22 17  6  3 24 15
 5  8 21 14 35 12
18 29 10 31  2 25
 9 32 27 20 11 34
28 19 30 33 26  1
